<?xml version="1.0" encoding="UTF-8"?>
<!-- Generated by org.testng.reporters.JUnitReportReporter -->
<testsuite hostname="DESKTOP-41VTHPF" failures="0" tests="1" name="restAPI.DeleteRequest" time="2.200" errors="0" timestamp="29 May 2022 05:28:02 GMT" skipped="0">
  <testcase classname="restAPI.DeleteRequest" name="test1" time="2.200"/>
</testsuite> <!-- restAPI.DeleteRequest -->
