<?xml version="1.0" encoding="UTF-8"?>
<!-- Generated by org.testng.reporters.JUnitReportReporter -->
<testsuite hostname="DESKTOP-41VTHPF" failures="0" tests="1" name="restAPI.PutRequest" time="2.943" errors="0" timestamp="05 Jun 2022 02:51:05 GMT" skipped="0">
  <testcase classname="restAPI.PutRequest" name="test1" time="2.943"/>
</testsuite> <!-- restAPI.PutRequest -->
