<?xml version="1.0" encoding="UTF-8"?>
<!-- Generated by org.testng.reporters.JUnitReportReporter -->
<testsuite hostname="DESKTOP-41VTHPF" failures="0" tests="1" name="restAPI.PostRequestWithFile" time="2.515" errors="0" timestamp="28 May 2022 07:13:42 GMT" skipped="0">
  <testcase classname="restAPI.PostRequestWithFile" name="test1" time="2.515"/>
</testsuite> <!-- restAPI.PostRequestWithFile -->
