<?xml version="1.0" encoding="UTF-8"?>
<!-- Generated by org.testng.reporters.JUnitReportReporter -->
<testsuite hostname="DESKTOP-41VTHPF" failures="0" tests="1" name="restAPI.UpdateRequest" time="1.539" errors="0" timestamp="28 May 2022 06:29:02 GMT" skipped="0">
  <testcase classname="restAPI.UpdateRequest" name="test1" time="1.539"/>
</testsuite> <!-- restAPI.UpdateRequest -->
