<?xml version="1.0" encoding="UTF-8"?>
<!-- Generated by org.testng.reporters.JUnitReportReporter -->
<testsuite hostname="DESKTOP-41VTHPF" failures="0" tests="1" name="restAPI.PostRequest" time="2.166" errors="0" timestamp="28 May 2022 06:17:18 GMT" skipped="0">
  <testcase classname="restAPI.PostRequest" name="test1" time="2.166"/>
</testsuite> <!-- restAPI.PostRequest -->
