<?xml version="1.0" encoding="UTF-8"?>
<!-- Generated by org.testng.reporters.JUnitReportReporter -->
<testsuite hostname="DESKTOP-41VTHPF" failures="0" tests="2" name="gitHub.EndToEndTest" time="3.387" errors="0" timestamp="29 May 2022 07:22:38 GMT" skipped="0">
  <testcase classname="gitHub.EndToEndTest" name="test1" time="1.992"/>
  <testcase classname="gitHub.EndToEndTest" name="test2" time="1.395"/>
</testsuite> <!-- gitHub.EndToEndTest -->
