<?xml version="1.0" encoding="UTF-8"?>
<!-- Generated by org.testng.reporters.JUnitReportReporter -->
<testsuite hostname="DESKTOP-41VTHPF" failures="0" tests="1" name="restBDD.deleteRequestBDD" time="1.425" errors="0" timestamp="04 Jun 2022 05:12:32 GMT" skipped="0">
  <testcase classname="restBDD.deleteRequestBDD" name="test1" time="1.425"/>
</testsuite> <!-- restBDD.deleteRequestBDD -->
