<?xml version="1.0" encoding="UTF-8"?>
<!-- Generated by org.testng.reporters.JUnitReportReporter -->
<testsuite hostname="DESKTOP-41VTHPF" failures="0" tests="1" name="restAPI.GetRequestWithParams" time="1.940" errors="0" timestamp="29 May 2022 04:11:18 GMT" skipped="0">
  <testcase classname="restAPI.GetRequestWithParams" name="test1" time="1.940"/>
</testsuite> <!-- restAPI.GetRequestWithParams -->
