<?xml version="1.0" encoding="UTF-8"?>
<!-- Generated by org.testng.reporters.JUnitReportReporter -->
<testsuite hostname="DESKTOP-41VTHPF" failures="0" tests="1" name="restBDD.postRequestBDD" time="2.175" errors="0" timestamp="04 Jun 2022 04:59:22 GMT" skipped="0">
  <testcase classname="restBDD.postRequestBDD" name="test1" time="2.175"/>
</testsuite> <!-- restBDD.postRequestBDD -->
