<?xml version="1.0" encoding="UTF-8"?>
<!-- Generated by org.testng.reporters.JUnitReportReporter -->
<testsuite hostname="DESKTOP-41VTHPF" failures="0" tests="1" name="restBDD.putRequestBDD" time="2.025" errors="0" timestamp="04 Jun 2022 05:03:39 GMT" skipped="0">
  <testcase classname="restBDD.putRequestBDD" name="test1" time="2.025"/>
</testsuite> <!-- restBDD.putRequestBDD -->
