<?xml version="1.0" encoding="UTF-8"?>
<!-- Generated by org.testng.reporters.JUnitReportReporter -->
<testsuite hostname="DESKTOP-41VTHPF" failures="0" tests="1" name="restAPI.PutRequest" time="3.190" errors="0" timestamp="29 May 2022 04:00:10 GMT" skipped="0">
  <testcase classname="restAPI.PutRequest" name="test1" time="3.190"/>
</testsuite> <!-- restAPI.PutRequest -->
