<?xml version="1.0" encoding="UTF-8"?>
<!-- Generated by org.testng.reporters.JUnitReportReporter -->
<testsuite hostname="DESKTOP-41VTHPF" failures="0" tests="1" name="restAPIXML.XMLTest" time="3.705" errors="0" timestamp="04 Jun 2022 06:40:45 GMT" skipped="0">
  <testcase classname="restAPIXML.XMLTest" name="test2" time="3.705"/>
</testsuite> <!-- restAPIXML.XMLTest -->
