<?xml version="1.0" encoding="UTF-8"?>
<!-- Generated by org.testng.reporters.JUnitReportReporter -->
<testsuite hostname="DESKTOP-41VTHPF" failures="0" tests="1" name="restAPI.PostRequestWithMap" time="2.276" errors="0" timestamp="28 May 2022 06:48:56 GMT" skipped="0">
  <testcase classname="restAPI.PostRequestWithMap" name="test1" time="2.276"/>
</testsuite> <!-- restAPI.PostRequestWithMap -->
