<?xml version="1.0" encoding="UTF-8"?>
<!-- Generated by org.testng.reporters.JUnitReportReporter -->
<testsuite hostname="DESKTOP-41VTHPF" failures="0" tests="1" name="oAuth.oAuthExample" time="3.241" errors="0" timestamp="05 Jun 2022 07:06:46 GMT" skipped="0">
  <testcase classname="oAuth.oAuthExample" name="test1" time="3.241"/>
</testsuite> <!-- oAuth.oAuthExample -->
