<?xml version="1.0" encoding="UTF-8"?>
<!-- Generated by org.testng.reporters.JUnitReportReporter -->
<testsuite hostname="DESKTOP-41VTHPF" failures="0" tests="1" name="restAPI.GetRequest" time="2.141" errors="0" timestamp="28 May 2022 06:42:06 GMT" skipped="0">
  <testcase classname="restAPI.GetRequest" name="test1" time="2.141"/>
</testsuite> <!-- restAPI.GetRequest -->
