<?xml version="1.0" encoding="UTF-8"?>
<!-- Generated by org.testng.reporters.JUnitReportReporter -->
<testsuite hostname="DESKTOP-41VTHPF" failures="0" tests="1" name="restBDD.GetRequestBDD" time="1.966" errors="0" timestamp="04 Jun 2022 04:44:55 GMT" skipped="0">
  <testcase classname="restBDD.GetRequestBDD" name="test3" time="1.966"/>
</testsuite> <!-- restBDD.GetRequestBDD -->
