<?xml version="1.0" encoding="UTF-8"?>
<!-- Generated by org.testng.reporters.JUnitReportReporter -->
<testsuite hostname="DESKTOP-41VTHPF" failures="0" tests="1" name="restAPI.GetRequestWithParams" time="1.952" errors="0" timestamp="28 May 2022 06:06:30 GMT" skipped="0">
  <testcase classname="restAPI.GetRequestWithParams" name="test1" time="1.952"/>
</testsuite> <!-- restAPI.GetRequestWithParams -->
