<?xml version="1.0" encoding="UTF-8"?>
<!-- Generated by org.testng.reporters.JUnitReportReporter -->
<testsuite skipped="0" hostname="DESKTOP-41VTHPF" name="apiChaining.EndToEndTest" tests="1" failures="0" timestamp="29 May 2022 06:33:06 GMT" time="2.542" errors="0">
  <testcase name="test1" time="2.542" classname="apiChaining.EndToEndTest"/>
</testsuite> <!-- apiChaining.EndToEndTest -->
